Using pre-set license
Built from '2021.1/staging' branch; Version is '2021.1.15f1 (e767a7370072) revision 15165351'; Using compiler version '192528614'; Build Type 'Release'
OS: 'Windows 10 Pro; OS build 19042.1348; Version 2009; 64bit' Language: 'en' Physical Memory: 32623 MB
BatchMode: 1, IsHumanControllingUs: 0, StartBugReporterOnCrash: 0, Is64bit: 1, IsPro: 0

 COMMAND LINE ARGUMENTS:
C:\Program Files\2021.1.15f1\Editor\Unity.exe
-adb2
-batchMode
-noUpm
-name
AssetImportWorker0
-projectPath
C:/Users/Korisnik/Documents/Projects/personal/Boogie
-logFile
Logs/AssetImportWorker0.log
-srvPort
63864
Successfully changed project path to: C:/Users/Korisnik/Documents/Projects/personal/Boogie
C:/Users/Korisnik/Documents/Projects/personal/Boogie
Using Asset Import Pipeline V2.
Refreshing native plugins compatible for Editor in 80.16 ms, found 3 plugins.
Preloading 0 native plugins for Editor in 0.00 ms.
Initialize engine version: 2021.1.15f1 (e767a7370072)
[Subsystems] Discovering subsystems at path C:/Program Files/2021.1.15f1/Editor/Data/Resources/UnitySubsystems
[Subsystems] Discovering subsystems at path C:/Users/Korisnik/Documents/Projects/personal/Boogie/Assets
GfxDevice: creating device client; threaded=0; jobified=0
Direct3D:
    Version:  Direct3D 11.0 [level 11.1]
    Renderer: NVIDIA GeForce RTX 3070 Ti (ID=0x2482)
    Vendor:   NVIDIA
    VRAM:     8041 MB
    Driver:   30.0.14.9613
Initialize mono
Mono path[0] = 'C:/Program Files/2021.1.15f1/Editor/Data/Managed'
Mono path[1] = 'C:/Program Files/2021.1.15f1/Editor/Data/MonoBleedingEdge/lib/mono/unityjit'
Mono config path = 'C:/Program Files/2021.1.15f1/Editor/Data/MonoBleedingEdge/etc'
Using monoOptions --debugger-agent=transport=dt_socket,embedding=1,server=y,suspend=n,address=127.0.0.1:56616
Begin MonoManager ReloadAssembly
Registering precompiled unity dll's ...
Register platform support module: C:/Program Files/2021.1.15f1/Editor/Data/PlaybackEngines/WebGLSupport/UnityEditor.WebGL.Extensions.dll
Register platform support module: C:/Program Files/2021.1.15f1/Editor/Data/PlaybackEngines/MacStandaloneSupport/UnityEditor.OSXStandalone.Extensions.dll
Register platform support module: C:/Program Files/2021.1.15f1/Editor/Data/PlaybackEngines/WindowsStandaloneSupport/UnityEditor.WindowsStandalone.Extensions.dll
Registered in 0.001866 seconds.
Native extension for WindowsStandalone target not found
Native extension for OSXStandalone target not found
Native extension for WebGL target not found
Refreshing native plugins compatible for Editor in 83.93 ms, found 3 plugins.
Preloading 0 native plugins for Editor in 0.00 ms.
Mono: successfully reloaded assembly
- Completed reload, in  1.382 seconds
Domain Reload Profiling:
	ReloadAssembly (1382ms)
		BeginReloadAssembly (43ms)
			ExecutionOrderSort (0ms)
			DisableScriptedObjects (0ms)
			BackupInstance (0ms)
			ReleaseScriptingObjects (0ms)
			CreateAndSetChildDomain (1ms)
		EndReloadAssembly (375ms)
			LoadAssemblies (42ms)
			RebuildTransferFunctionScriptingTraits (0ms)
			SetupTypeCache (127ms)
			ReleaseScriptCaches (0ms)
			RebuildScriptCaches (23ms)
			SetupLoadedEditorAssemblies (190ms)
				LogAssemblyErrors (0ms)
				InitializePlatformSupportModulesInManaged (6ms)
				SetLoadedEditorAssemblies (0ms)
				RefreshPlugins (84ms)
				BeforeProcessingInitializeOnLoad (1ms)
				ProcessInitializeOnLoadAttributes (77ms)
				ProcessInitializeOnLoadMethodAttributes (22ms)
				AfterProcessingInitializeOnLoad (0ms)
				EditorAssembliesLoaded (0ms)
			ExecutionOrderSort2 (0ms)
			AwakeInstancesAfterBackupRestoration (0ms)
Platform modules already initialized, skipping
Registering precompiled user dll's ...
Registered in 0.004373 seconds.
Begin MonoManager ReloadAssembly
Symbol file LoadedFromMemory doesn't match image C:\Users\Korisnik\Documents\Projects\personal\Boogie\Library\PackageCache\com.unity.visualscripting@1.6.1\Editor\VisualScripting.Core\Dependencies\YamlDotNet\Unity.VisualScripting.YamlDotNet.dll
Symbol file LoadedFromMemory doesn't match image C:\Users\Korisnik\Documents\Projects\personal\Boogie\Library\PackageCache\com.unity.visualscripting@1.6.1\Editor\VisualScripting.Core\Dependencies\DotNetZip\Unity.VisualScripting.IonicZip.dll
Native extension for WindowsStandalone target not found
Native extension for OSXStandalone target not found
Native extension for WebGL target not found
Refreshing native plugins compatible for Editor in 84.84 ms, found 3 plugins.
Preloading 0 native plugins for Editor in 0.00 ms.
Mono: successfully reloaded assembly
- Completed reload, in  1.016 seconds
Domain Reload Profiling:
	ReloadAssembly (1017ms)
		BeginReloadAssembly (115ms)
			ExecutionOrderSort (0ms)
			DisableScriptedObjects (4ms)
			BackupInstance (0ms)
			ReleaseScriptingObjects (0ms)
			CreateAndSetChildDomain (14ms)
		EndReloadAssembly (856ms)
			LoadAssemblies (71ms)
			RebuildTransferFunctionScriptingTraits (0ms)
			SetupTypeCache (290ms)
			ReleaseScriptCaches (1ms)
			RebuildScriptCaches (47ms)
			SetupLoadedEditorAssemblies (369ms)
				LogAssemblyErrors (0ms)
				InitializePlatformSupportModulesInManaged (4ms)
				SetLoadedEditorAssemblies (0ms)
				RefreshPlugins (85ms)
				BeforeProcessingInitializeOnLoad (73ms)
				ProcessInitializeOnLoadAttributes (197ms)
				ProcessInitializeOnLoadMethodAttributes (3ms)
				AfterProcessingInitializeOnLoad (5ms)
				EditorAssembliesLoaded (0ms)
			ExecutionOrderSort2 (0ms)
			AwakeInstancesAfterBackupRestoration (5ms)
Platform modules already initialized, skipping
========================================================================
Worker process is ready to serve import requests
Launched and connected shader compiler UnityShaderCompiler.exe after 0.02 seconds
Refreshing native plugins compatible for Editor in 0.65 ms, found 3 plugins.
Preloading 0 native plugins for Editor in 0.00 ms.
Unloading 4497 Unused Serialized files (Serialized files now loaded: 0)
System memory in use before: 179.2 MB.
System memory in use after: 179.3 MB.

Unloading 24 unused Assets to reduce memory usage. Loaded Objects now: 4942.
Total: 2.192200 ms (FindLiveObjects: 0.248100 ms CreateObjectMapping: 0.194900 ms MarkObjects: 1.687900 ms  DeleteObjects: 0.060300 ms)

AssetImportParameters requested are different than current active one (requested -> active):
  custom:framework-win-MediaFoundation: 216162199b28c13a410421893ffa2e32 -> 
  custom:video-decoder-ogg-theora: a1e56fd34408186e4bbccfd4996cb3dc -> 
  custom:container-muxer-webm: aa71ff27fc2769a1b78a27578f13a17b -> 
  custom:container-demuxer-webm: 4f35f7cbe854078d1ac9338744f61a02 -> 
  custom:container-demuxer-ogg: 62fdf1f143b41e24485cea50d1cbac27 -> 
  custom:video-encoder-webm-vp8: eb34c28f22e8b96e1ab97ce403110664 -> 
  custom:video-decoder-webm-vp8: 9c59270c3fd7afecdb556c50c9e8de78 -> 
  custom:audio-decoder-ogg-vorbis: bf7c407c2cedff20999df2af8eb42d56 -> 
  custom:audio-encoder-webm-vorbis: bf7c407c2cedff20999df2af8eb42d56 -> 
========================================================================
Received Import Request.
  path: Assets/Graphics/Materials/Drinks/can drink material.mat
  artifactKey: Guid(cae15d595eded4b4f986774b7c57d48e) Importer(815301076,1909f56bfc062723c751e8b465ee728b)
Start importing Assets/Graphics/Materials/Drinks/can drink material.mat using Guid(cae15d595eded4b4f986774b7c57d48e) Importer(815301076,1909f56bfc062723c751e8b465ee728b)  -> (artifact id: '6ea4ebefe4986696d65a4c854917fea6') in 0.175337 seconds 
========================================================================
Received Import Request.
  Time since last request: 0.000128 seconds.
  path: Assets/Graphics/Materials/Drinks/glass set material.mat
  artifactKey: Guid(9fc862876ed96594593a3a7251e4700e) Importer(815301076,1909f56bfc062723c751e8b465ee728b)
Start importing Assets/Graphics/Materials/Drinks/glass set material.mat using Guid(9fc862876ed96594593a3a7251e4700e) Importer(815301076,1909f56bfc062723c751e8b465ee728b)  -> (artifact id: '033269688b54bf52a6971302809b1250') in 0.015129 seconds 
========================================================================
Received Import Request.
  Time since last request: 58.986928 seconds.
  path: Assets/Graphics/Materials/Drinks/can drink top material 1.mat
  artifactKey: Guid(702094f0fec67614199dc4eb15358b1f) Importer(815301076,1909f56bfc062723c751e8b465ee728b)
Start importing Assets/Graphics/Materials/Drinks/can drink top material 1.mat using Guid(702094f0fec67614199dc4eb15358b1f) Importer(815301076,1909f56bfc062723c751e8b465ee728b)  -> (artifact id: 'ed2ab1ed34efd8669d83391e27934359') in 0.008967 seconds 
========================================================================
Received Import Request.
  Time since last request: 14.856618 seconds.
  path: Assets/Graphics/Materials/Drinks/can drink top material.mat
  artifactKey: Guid(702094f0fec67614199dc4eb15358b1f) Importer(815301076,1909f56bfc062723c751e8b465ee728b)
Start importing Assets/Graphics/Materials/Drinks/can drink top material.mat using Guid(702094f0fec67614199dc4eb15358b1f) Importer(815301076,1909f56bfc062723c751e8b465ee728b)  -> (artifact id: 'c7ad02a3296779493f810693ec603b56') in 0.008545 seconds 
========================================================================
Received Import Request.
  Time since last request: 268.343465 seconds.
  path: Assets/Graphics/Models/3d-model.fbx
  artifactKey: Guid(92777f98a88aea0458b3252732754b73) Importer(815301076,1909f56bfc062723c751e8b465ee728b)
Start importing Assets/Graphics/Models/3d-model.fbx using Guid(92777f98a88aea0458b3252732754b73) Importer(815301076,1909f56bfc062723c751e8b465ee728b)  -> (artifact id: 'aadda32d42822ed76a4ad373b76e82d9') in 0.068039 seconds 
========================================================================
Received Import Request.
  Time since last request: 0.000114 seconds.
  path: Assets/Graphics/Models/bottles.fbx
  artifactKey: Guid(5f0b812961cb8124fa97a2a646440bd5) Importer(815301076,1909f56bfc062723c751e8b465ee728b)
Start importing Assets/Graphics/Models/bottles.fbx using Guid(5f0b812961cb8124fa97a2a646440bd5) Importer(815301076,1909f56bfc062723c751e8b465ee728b)  -> (artifact id: '79d339c4f0236d62d2ab3edf1d3570f9') in 0.488134 seconds 
========================================================================
Received Import Request.
  Time since last request: 0.000125 seconds.
  path: Assets/Graphics/Models/Wine Bottle fbx.FBX
  artifactKey: Guid(3431ac2741641cb49ba95ab88b9a78f1) Importer(815301076,1909f56bfc062723c751e8b465ee728b)
Start importing Assets/Graphics/Models/Wine Bottle fbx.FBX using Guid(3431ac2741641cb49ba95ab88b9a78f1) Importer(815301076,1909f56bfc062723c751e8b465ee728b)  -> (artifact id: '1324375f084d49e8afa7e321cc9fce60') in 0.108489 seconds 
========================================================================
Received Import Request.
  Time since last request: 0.000100 seconds.
  path: Assets/Graphics/Models/Robot_Holo_5.fbx
  artifactKey: Guid(7038d8ac2de9d20459953a6bf77bd486) Importer(815301076,1909f56bfc062723c751e8b465ee728b)
Start importing Assets/Graphics/Models/Robot_Holo_5.fbx using Guid(7038d8ac2de9d20459953a6bf77bd486) Importer(815301076,1909f56bfc062723c751e8b465ee728b)  -> (artifact id: 'c6ff185a885ce3feda81b714bdb6efa0') in 0.193572 seconds 
========================================================================
Received Import Request.
  Time since last request: 0.000122 seconds.
  path: Assets/Graphics/Models/glass pack.fbx
  artifactKey: Guid(8f4feff9db1a0fd4bab64ce5c19f7e3d) Importer(815301076,1909f56bfc062723c751e8b465ee728b)
Start importing Assets/Graphics/Models/glass pack.fbx using Guid(8f4feff9db1a0fd4bab64ce5c19f7e3d) Importer(815301076,1909f56bfc062723c751e8b465ee728b)  -> (artifact id: '76b7100d06e9854028d941356949c49f') in 0.261268 seconds 
========================================================================
Received Import Request.
  Time since last request: 0.000118 seconds.
  path: Assets/Graphics/Models/beer tankard.fbx
  artifactKey: Guid(ef1f886d648653e40887fcd2bbd6482c) Importer(815301076,1909f56bfc062723c751e8b465ee728b)
Start importing Assets/Graphics/Models/beer tankard.fbx using Guid(ef1f886d648653e40887fcd2bbd6482c) Importer(815301076,1909f56bfc062723c751e8b465ee728b)  -> (artifact id: '3935c050326a6ec57278784a1de40b26') in 0.060998 seconds 
========================================================================
Received Import Request.
  Time since last request: 0.000119 seconds.
  path: Assets/Graphics/Models/Day11_WhiskySour.fbx
  artifactKey: Guid(61fc841258630f6408f6e224ed5a11ab) Importer(815301076,1909f56bfc062723c751e8b465ee728b)
Start importing Assets/Graphics/Models/Day11_WhiskySour.fbx using Guid(61fc841258630f6408f6e224ed5a11ab) Importer(815301076,1909f56bfc062723c751e8b465ee728b)  -> (artifact id: '5874415a43508ad2dacab157f54cafd6') in 0.011615 seconds 
========================================================================
Received Import Request.
  Time since last request: 0.000107 seconds.
  path: Assets/Graphics/Models/Can_energy_drink.fbx
  artifactKey: Guid(75703d1772c96f54584c006b02ed020c) Importer(815301076,1909f56bfc062723c751e8b465ee728b)
Start importing Assets/Graphics/Models/Can_energy_drink.fbx using Guid(75703d1772c96f54584c006b02ed020c) Importer(815301076,1909f56bfc062723c751e8b465ee728b)  -> (artifact id: 'fac9c39b5e993b9f663e17341740fdbb') in 0.049423 seconds 
========================================================================
Received Import Request.
  Time since last request: 631.171473 seconds.
  path: Assets/Scenes/Dancehall.unity
  artifactKey: Guid(b99a3cc2f39cee54fa40d92d346ba134) Importer(815301076,1909f56bfc062723c751e8b465ee728b)
Start importing Assets/Scenes/Dancehall.unity using Guid(b99a3cc2f39cee54fa40d92d346ba134) Importer(815301076,1909f56bfc062723c751e8b465ee728b)  -> (artifact id: '09452ef5fba4bf9d9c48a245ba531deb') in 0.012228 seconds 
========================================================================
Received Import Request.
  Time since last request: 42.340154 seconds.
  path: Assets/Graphics/Models/CharacterBase.fbx
  artifactKey: Guid(56a644c1fc48c3c428a998aad6d91076) Importer(815301076,1909f56bfc062723c751e8b465ee728b)
Start importing Assets/Graphics/Models/CharacterBase.fbx using Guid(56a644c1fc48c3c428a998aad6d91076) Importer(815301076,1909f56bfc062723c751e8b465ee728b)  -> (artifact id: '6bbfed268efb6f3ebe12321f5e02566e') in 0.046985 seconds 
========================================================================
Received Import Request.
  Time since last request: 739.794707 seconds.
  path: Assets/Graphics/Materials/Other/tree/panel material.mat
  artifactKey: Guid(d8f51efa3d4fc4f45af1439d7e176117) Importer(815301076,1909f56bfc062723c751e8b465ee728b)
Start importing Assets/Graphics/Materials/Other/tree/panel material.mat using Guid(d8f51efa3d4fc4f45af1439d7e176117) Importer(815301076,1909f56bfc062723c751e8b465ee728b)  -> (artifact id: '2b2666240d03599fce2dc5702b924cae') in 0.226300 seconds 
========================================================================
Received Import Request.
  Time since last request: 0.000115 seconds.
  path: Assets/Graphics/Materials/Other/Robot material.mat
  artifactKey: Guid(de349d097396b304781726d4fcf0cd82) Importer(815301076,1909f56bfc062723c751e8b465ee728b)
Start importing Assets/Graphics/Materials/Other/Robot material.mat using Guid(de349d097396b304781726d4fcf0cd82) Importer(815301076,1909f56bfc062723c751e8b465ee728b)  -> (artifact id: 'c592f4b662a4a623a13627f990c58881') in 0.010412 seconds 
========================================================================
Received Import Request.
  Time since last request: 0.000125 seconds.
  path: Assets/Graphics/Materials/Other/tree/rocks.mat
  artifactKey: Guid(e835d665214de8d428e8883e2be1957b) Importer(815301076,1909f56bfc062723c751e8b465ee728b)
Start importing Assets/Graphics/Materials/Other/tree/rocks.mat using Guid(e835d665214de8d428e8883e2be1957b) Importer(815301076,1909f56bfc062723c751e8b465ee728b)  -> (artifact id: '8b1681e3fe389f1a5ececbd7e21ee4c0') in 0.011203 seconds 
========================================================================
Received Import Request.
  Time since last request: 0.000155 seconds.
  path: Assets/Graphics/Materials/Other/tree/trunk material.mat
  artifactKey: Guid(931e682a0692fbe45a2ce2f51137ceff) Importer(815301076,1909f56bfc062723c751e8b465ee728b)
Start importing Assets/Graphics/Materials/Other/tree/trunk material.mat using Guid(931e682a0692fbe45a2ce2f51137ceff) Importer(815301076,1909f56bfc062723c751e8b465ee728b)  -> (artifact id: 'c6e3c6767c5fd5b0536ee277fc2246e7') in 0.024893 seconds 
========================================================================
Received Import Request.
  Time since last request: 0.406860 seconds.
  path: Assets/Graphics/Materials/Other/tree/leaces material.mat
  artifactKey: Guid(7dcd2381d4f1e6f4a9efae8b2a49154f) Importer(815301076,1909f56bfc062723c751e8b465ee728b)
Start importing Assets/Graphics/Materials/Other/tree/leaces material.mat using Guid(7dcd2381d4f1e6f4a9efae8b2a49154f) Importer(815301076,1909f56bfc062723c751e8b465ee728b)  -> (artifact id: 'ab0442d620c7ed6b8bd6dc6c3b2cee67') in 0.216693 seconds 
========================================================================
Received Import Request.
  Time since last request: 0.000137 seconds.
  path: Assets/Graphics/Materials/Other/tree/leaves material.mat
  artifactKey: Guid(f84a942125591cf46925a744b53d26f1) Importer(815301076,1909f56bfc062723c751e8b465ee728b)
Start importing Assets/Graphics/Materials/Other/tree/leaves material.mat using Guid(f84a942125591cf46925a744b53d26f1) Importer(815301076,1909f56bfc062723c751e8b465ee728b)  -> (artifact id: '3a077b812ed2c6798a69db65a526dfd0') in 0.019867 seconds 
========================================================================
Received Import Request.
  Time since last request: 0.083104 seconds.
  path: Assets/Graphics/Materials/Drinks/glass set material.mat
  artifactKey: Guid(9fc862876ed96594593a3a7251e4700e) Importer(815301076,1909f56bfc062723c751e8b465ee728b)
Start importing Assets/Graphics/Materials/Drinks/glass set material.mat using Guid(9fc862876ed96594593a3a7251e4700e) Importer(815301076,1909f56bfc062723c751e8b465ee728b)  -> (artifact id: 'd70ccf1d97675cb533cdfcf771ae8eed') in 0.010477 seconds 
========================================================================
Received Import Request.
  Time since last request: 0.035470 seconds.
  path: Assets/Graphics/Materials/Drinks/can drink top material.mat
  artifactKey: Guid(702094f0fec67614199dc4eb15358b1f) Importer(815301076,1909f56bfc062723c751e8b465ee728b)
Start importing Assets/Graphics/Materials/Drinks/can drink top material.mat using Guid(702094f0fec67614199dc4eb15358b1f) Importer(815301076,1909f56bfc062723c751e8b465ee728b)  -> (artifact id: '017b938021ec061d2624f2307800e717') in 0.008085 seconds 
========================================================================
Received Import Request.
  Time since last request: 0.841728 seconds.
  path: Assets/Graphics/Materials/Drinks/Beer mug.mat
  artifactKey: Guid(5fd96e7ae34bdf246ac8164d825ce8c7) Importer(815301076,1909f56bfc062723c751e8b465ee728b)
Start importing Assets/Graphics/Materials/Drinks/Beer mug.mat using Guid(5fd96e7ae34bdf246ac8164d825ce8c7) Importer(815301076,1909f56bfc062723c751e8b465ee728b)  -> (artifact id: 'c72fdc9c335f92340730b3e38e84565a') in 0.013266 seconds 
========================================================================
Received Import Request.
  Time since last request: 337.191441 seconds.
  path: Assets/Graphics/Models/CharacterBase.fbx
  artifactKey: Guid(56a644c1fc48c3c428a998aad6d91076) Importer(815301076,1909f56bfc062723c751e8b465ee728b)
Start importing Assets/Graphics/Models/CharacterBase.fbx using Guid(56a644c1fc48c3c428a998aad6d91076) Importer(815301076,1909f56bfc062723c751e8b465ee728b)  -> (artifact id: '822eabcc3d10a874de8876bcebc79dea') in 0.042947 seconds 
========================================================================
Received Import Request.
  Time since last request: 2.401832 seconds.
  path: Assets/Graphics/Materials/Base_Character_Material.mat
  artifactKey: Guid(c3c0212be76fdb249b86d1bfb344e072) Importer(815301076,1909f56bfc062723c751e8b465ee728b)
Start importing Assets/Graphics/Materials/Base_Character_Material.mat using Guid(c3c0212be76fdb249b86d1bfb344e072) Importer(815301076,1909f56bfc062723c751e8b465ee728b)  -> (artifact id: '1639652d11fd167bf3746d317c30cfe3') in 0.008814 seconds 
========================================================================
Received Import Request.
  Time since last request: 32.938163 seconds.
  path: Assets/Graphics/Textures/BaseCharacterTexture.png
  artifactKey: Guid(ade7cc2f13f0e8846a5d874f7ed41909) Importer(815301076,1909f56bfc062723c751e8b465ee728b)
Start importing Assets/Graphics/Textures/BaseCharacterTexture.png using Guid(ade7cc2f13f0e8846a5d874f7ed41909) Importer(815301076,1909f56bfc062723c751e8b465ee728b)  -> (artifact id: '0559dde24a4ce60c4c9555135169372b') in 0.017484 seconds 
========================================================================
Received Import Request.
  Time since last request: 288.661720 seconds.
  path: Assets/Graphics/Models/CharacterBase.fbx
  artifactKey: Guid(56a644c1fc48c3c428a998aad6d91076) Importer(815301076,1909f56bfc062723c751e8b465ee728b)
Start importing Assets/Graphics/Models/CharacterBase.fbx using Guid(56a644c1fc48c3c428a998aad6d91076) Importer(815301076,1909f56bfc062723c751e8b465ee728b)  -> (artifact id: 'f858a82486c656528d28b9d67603d34e') in 0.045855 seconds 
========================================================================
Received Import Request.
  Time since last request: 2058.367460 seconds.
  path: Assets/Graphics/Materials/Base_Character_Material.mat
  artifactKey: Guid(c3c0212be76fdb249b86d1bfb344e072) Importer(815301076,1909f56bfc062723c751e8b465ee728b)
Start importing Assets/Graphics/Materials/Base_Character_Material.mat using Guid(c3c0212be76fdb249b86d1bfb344e072) Importer(815301076,1909f56bfc062723c751e8b465ee728b)  -> (artifact id: '2e133d7da3be9ddc6836286bd347cce1') in 0.010225 seconds 
AssetImportWorkerClient::OnTransportError - code=2 error=End of file
